<?xml version="1.0" encoding="UTF-8"?>
<robot generator="Robot 3.2.2 (Python 3.9.0 on win32)" generated="20201029 07:27:54.906" rpa="false">
<suite id="s1" name="Firstrobotproject" source="D:\gitdemo\firstrobotproject">
<suite id="s1-s1" name="Test" source="D:\gitdemo\firstrobotproject\Test">
<suite id="s1-s1-s1" name="Testsuitefirst" source="D:\gitdemo\firstrobotproject\Test\testsuitefirst.robot">
<kw name="Log" library="BuiltIn" type="setup">
<doc>Logs the given message with the given level.</doc>
<arguments>
<arg>I am in testsuite Setup</arg>
</arguments>
<msg timestamp="20201029 07:27:55.458" level="INFO">I am in testsuite Setup</msg>
<status status="PASS" starttime="20201029 07:27:55.457" endtime="20201029 07:27:55.458"></status>
</kw>
<test id="s1-s1-s1-t1" name="myfirsttest">
<kw name="Log" library="BuiltIn" type="setup">
<doc>Logs the given message with the given level.</doc>
<arguments>
<arg>i am in Test Setup</arg>
</arguments>
<msg timestamp="20201029 07:27:55.460" level="INFO">i am in Test Setup</msg>
<status status="PASS" starttime="20201029 07:27:55.460" endtime="20201029 07:27:55.461"></status>
</kw>
<kw name="Log" library="BuiltIn">
<doc>Logs the given message with the given level.</doc>
<arguments>
<arg>Hello world ...</arg>
</arguments>
<msg timestamp="20201029 07:27:55.461" level="INFO">Hello world ...</msg>
<status status="PASS" starttime="20201029 07:27:55.461" endtime="20201029 07:27:55.462"></status>
</kw>
<kw name="Open Browser" library="SeleniumLibrary">
<doc>Opens a new browser instance to the optional ``url``.</doc>
<arguments>
<arg>https://www.google.com/</arg>
<arg>gc</arg>
</arguments>
<msg timestamp="20201029 07:27:55.462" level="INFO">Opening browser 'gc' to base url 'https://www.google.com/'.</msg>
<status status="PASS" starttime="20201029 07:27:55.462" endtime="20201029 07:28:48.452"></status>
</kw>
<kw name="Input Text" library="SeleniumLibrary">
<doc>Types the given ``text`` into the text field identified by ``locator``.</doc>
<arguments>
<arg>name=q</arg>
<arg>Automation</arg>
</arguments>
<msg timestamp="20201029 07:28:48.474" level="INFO">Typing text 'Automation' into text field 'name=q'.</msg>
<status status="PASS" starttime="20201029 07:28:48.453" endtime="20201029 07:28:49.196"></status>
</kw>
<kw name="Set Browser Implicit Wait" library="SeleniumLibrary">
<doc>Sets the implicit wait value used by Selenium.</doc>
<arguments>
<arg>10</arg>
</arguments>
<status status="PASS" starttime="20201029 07:28:49.197" endtime="20201029 07:28:49.246"></status>
</kw>
<kw name="Press Keys" library="SeleniumLibrary">
<doc>Simulates the user pressing key(s) to an element or on the active browser.</doc>
<arguments>
<arg>name=q</arg>
<arg>RETURN</arg>
</arguments>
<msg timestamp="20201029 07:28:49.248" level="INFO">Sending key(s) ('RETURN',) to name=q element.</msg>
<msg timestamp="20201029 07:28:49.956" level="INFO">Pressing special key RETURN to element.</msg>
<msg timestamp="20201029 07:28:49.957" level="INFO">Releasing special key RETURN.</msg>
<status status="PASS" starttime="20201029 07:28:49.247" endtime="20201029 07:28:51.154"></status>
</kw>
<kw name="Testing" library="test">
<arguments>
<arg>"Prashant"</arg>
</arguments>
<msg timestamp="20201029 07:28:51.157" level="INFO">hello rf"Prashant"</msg>
<status status="PASS" starttime="20201029 07:28:51.155" endtime="20201029 07:28:51.157"></status>
</kw>
<kw name="Close Browser" library="SeleniumLibrary">
<doc>Closes the current browser.</doc>
<status status="PASS" starttime="20201029 07:28:51.157" endtime="20201029 07:28:54.344"></status>
</kw>
<kw name="Log" library="BuiltIn" type="teardown">
<doc>Logs the given message with the given level.</doc>
<arguments>
<arg>i am inside Test Teardown</arg>
</arguments>
<msg timestamp="20201029 07:28:54.348" level="INFO">i am inside Test Teardown</msg>
<status status="PASS" starttime="20201029 07:28:54.345" endtime="20201029 07:28:54.348"></status>
</kw>
<status status="PASS" starttime="20201029 07:27:55.459" endtime="20201029 07:28:54.349" critical="yes"></status>
</test>
<test id="s1-s1-s1-t2" name="SeleniumTestCase">
<kw name="Log" library="BuiltIn" type="setup">
<doc>Logs the given message with the given level.</doc>
<arguments>
<arg>i am in Test Setup</arg>
</arguments>
<msg timestamp="20201029 07:28:54.352" level="INFO">i am in Test Setup</msg>
<status status="PASS" starttime="20201029 07:28:54.351" endtime="20201029 07:28:54.352"></status>
</kw>
<kw name="Open Browser" library="SeleniumLibrary">
<doc>Opens a new browser instance to the optional ``url``.</doc>
<arguments>
<arg>${URL}</arg>
<arg>chrome</arg>
</arguments>
<msg timestamp="20201029 07:28:54.353" level="INFO">Opening browser 'chrome' to base url 'https://opensource-demo.orangehrmlive.com/'.</msg>
<status status="PASS" starttime="20201029 07:28:54.352" endtime="20201029 07:29:22.547"></status>
</kw>
<kw name="LoginKW">
<kw name="Input Text" library="SeleniumLibrary">
<doc>Types the given ``text`` into the text field identified by ``locator``.</doc>
<arguments>
<arg>id=txtUsername</arg>
<arg>@{Credentials}[0]</arg>
</arguments>
<msg timestamp="20201029 07:29:22.570" level="WARN">Accessing variable items using '@{Credentials}[0]' syntax is deprecated. Use '${Credentials}[0]' instead.</msg>
<msg timestamp="20201029 07:29:22.571" level="INFO">Typing text 'Admin' into text field 'id=txtUsername'.</msg>
<status status="PASS" starttime="20201029 07:29:22.570" endtime="20201029 07:29:23.291"></status>
</kw>
<kw name="Input Password" library="SeleniumLibrary">
<doc>Types the given password into the text field identified by ``locator``.</doc>
<arguments>
<arg>id= txtPassword</arg>
<arg>&amp;{LoginData}[password]</arg>
</arguments>
<msg timestamp="20201029 07:29:23.292" level="WARN">Accessing variable items using '&amp;{LoginData}[password]' syntax is deprecated. Use '${LoginData}[password]' instead.</msg>
<msg timestamp="20201029 07:29:23.293" level="INFO">Typing password into text field 'id= txtPassword'.</msg>
<msg timestamp="20201029 07:29:23.375" level="INFO">Temporally setting log level to: NONE</msg>
<msg timestamp="20201029 07:29:23.482" level="INFO">Log level changed from NONE to INFO.</msg>
<status status="PASS" starttime="20201029 07:29:23.291" endtime="20201029 07:29:23.482"></status>
</kw>
<kw name="Click Button" library="SeleniumLibrary">
<doc>Clicks the button identified by ``locator``.</doc>
<arguments>
<arg>id=btnLogin</arg>
</arguments>
<msg timestamp="20201029 07:29:23.483" level="INFO">Clicking button 'id=btnLogin'.</msg>
<status status="PASS" starttime="20201029 07:29:23.482" endtime="20201029 07:29:24.875"></status>
</kw>
<status status="PASS" starttime="20201029 07:29:22.547" endtime="20201029 07:29:24.876"></status>
</kw>
<kw name="Click Element" library="SeleniumLibrary">
<doc>Click the element identified by ``locator``.</doc>
<arguments>
<arg>id= welcome</arg>
</arguments>
<msg timestamp="20201029 07:29:24.879" level="INFO">Clicking element 'id= welcome'.</msg>
<status status="PASS" starttime="20201029 07:29:24.876" endtime="20201029 07:29:25.424"></status>
</kw>
<kw name="Wait Until Element Is Enabled" library="SeleniumLibrary">
<doc>Waits until the element ``locator`` is enabled.</doc>
<arguments>
<arg>link=Logout</arg>
<arg>timeout=10</arg>
</arguments>
<status status="PASS" starttime="20201029 07:29:25.425" endtime="20201029 07:29:25.846"></status>
</kw>
<kw name="Click Element" library="SeleniumLibrary">
<doc>Click the element identified by ``locator``.</doc>
<arguments>
<arg>link=Logout</arg>
</arguments>
<msg timestamp="20201029 07:29:25.847" level="INFO">Clicking element 'link=Logout'.</msg>
<status status="PASS" starttime="20201029 07:29:25.847" endtime="20201029 07:29:26.404"></status>
</kw>
<kw name="Close Browser" library="SeleniumLibrary">
<doc>Closes the current browser.</doc>
<status status="PASS" starttime="20201029 07:29:26.405" endtime="20201029 07:29:28.905"></status>
</kw>
<kw name="Log" library="BuiltIn">
<doc>Logs the given message with the given level.</doc>
<arguments>
<arg>this is enviroment veriabels by %{username} and %{os}</arg>
</arguments>
<msg timestamp="20201029 07:29:28.908" level="INFO">this is enviroment veriabels by Prashant and Windows_NT</msg>
<status status="PASS" starttime="20201029 07:29:28.905" endtime="20201029 07:29:28.908"></status>
</kw>
<kw name="Log" library="BuiltIn" type="teardown">
<doc>Logs the given message with the given level.</doc>
<arguments>
<arg>i am inside Test Teardown</arg>
</arguments>
<msg timestamp="20201029 07:29:28.909" level="INFO">i am inside Test Teardown</msg>
<status status="PASS" starttime="20201029 07:29:28.908" endtime="20201029 07:29:28.909"></status>
</kw>
<status status="PASS" starttime="20201029 07:28:54.350" endtime="20201029 07:29:28.910" critical="yes"></status>
</test>
<kw name="Log" library="BuiltIn" type="teardown">
<doc>Logs the given message with the given level.</doc>
<arguments>
<arg>I am in Testsuite Teardown</arg>
</arguments>
<msg timestamp="20201029 07:29:28.912" level="INFO">I am in Testsuite Teardown</msg>
<status status="PASS" starttime="20201029 07:29:28.911" endtime="20201029 07:29:28.912"></status>
</kw>
<status status="PASS" starttime="20201029 07:27:55.029" endtime="20201029 07:29:28.912"></status>
</suite>
<status status="PASS" starttime="20201029 07:27:55.023" endtime="20201029 07:29:28.918"></status>
</suite>
<status status="PASS" starttime="20201029 07:27:54.979" endtime="20201029 07:29:28.922"></status>
</suite>
<statistics>
<total>
<stat pass="2" fail="0">Critical Tests</stat>
<stat pass="2" fail="0">All Tests</stat>
</total>
<tag>
</tag>
<suite>
<stat pass="2" fail="0" id="s1" name="Firstrobotproject">Firstrobotproject</stat>
<stat pass="2" fail="0" id="s1-s1" name="Test">Firstrobotproject.Test</stat>
<stat pass="2" fail="0" id="s1-s1-s1" name="Testsuitefirst">Firstrobotproject.Test.Testsuitefirst</stat>
</suite>
</statistics>
<errors>
<msg timestamp="20201029 07:29:22.570" level="WARN">Accessing variable items using '@{Credentials}[0]' syntax is deprecated. Use '${Credentials}[0]' instead.</msg>
<msg timestamp="20201029 07:29:23.292" level="WARN">Accessing variable items using '&amp;{LoginData}[password]' syntax is deprecated. Use '${LoginData}[password]' instead.</msg>
</errors>
</robot>
